commit 4d7625a1cb85198f1765fffe8b82fbd37951b5fb
Author: Corin Hill <corin@cs.utexas.edu>
Date:   Wed Sep 10 23:34:31 2014 -0500

    doxygen

commit 521b24496fcc4d476313ed3b3f04a59661a4799b
Author: Corin Hill <corin@cs.utexas.edu>
Date:   Wed Sep 10 22:56:26 2014 -0500

    Cleaned up repo, finalized acceptance tests

commit b9a5d010700a95a2c2273c68a2fc2e746a61d5ed
Author: Corin Hill <corin@cs.utexas.edu>
Date:   Wed Sep 10 16:09:33 2014 -0500

    Lazy Cache

commit ee011282be7bccf16c61d9ca459448b4684e1f6d
Author: Corin Hill <corin@cs.utexas.edu>
Date:   Tue Sep 9 21:20:21 2014 -0500

    Acceptance tests

commit bf610374304d4415db85ee6bb383557c4e1f5ee7
Author: Corin Hill <corin@cs.utexas.edu>
Date:   Tue Sep 9 19:25:37 2014 -0500

    Fixed typo and unit tests

commit 183c525c1025e3e2e688cd23eb0ab0152d997a31
Author: Corin Hill <corin@cs.utexas.edu>
Date:   Tue Sep 9 19:04:56 2014 -0500

    The simple implementation, really this time

commit 7f0f91521090281b9431cc6912ff2c98946079e4
Author: Corin Hill <corin@cs.utexas.edu>
Date:   Tue Sep 9 18:58:15 2014 -0500

    Simple implementation with no cache

commit 63af5382180ded570f1c5f945d5c30400a2d7225
Author: Corin Hill <corin@cs.utexas.edu>
Date:   Tue Sep 9 18:25:30 2014 -0500

    Copied code from public repo

commit 817d152ba6bbaacbc4acc13bb7f4385922495969
Author: CorinHill <CorinHill@users.noreply.github.com>
Date:   Tue Sep 9 12:18:54 2014 -0500

    Create README.md
