206752 210514 373
213699 218488 386
35192 44097 324
177280 181049 365
67454 74541 325
63244 71942 330
56500 57151 304
182448 184689 334
239108 248946 368
30886 32164 285
247068 254683 350
125797 128779 331
51466 57379 340
252808 256970 363
42650 47296 314
202979 211939 373
234246 239762 350
45422 50051 314
104690 106555 354
171684 179603 347
74160 78028 351
96135 96475 297
231486 232198 324
40746 44840 288
203127 205175 311
195433 200238 360
237969 247803 368
185322 188231 347
117128 125377 336
183007 190323 360
152187 155962 352
147037 147396 251
16234 18963 279
131583 137999 344
153018 162758 383
30925 37175 324
13908 17565 271
95697 96528 297
143501 145378 326
191703 192974 347
208077 217431 386
10393 20334 279
184079 190647 360
211196 212485 355
109559 115834 349
198842 199258 267
255903 263488 407
123892 125937 318
14052 16169 271
130919 138532 344
34456 43604 324
132106 140275 344
26761 29919 272
31616 35142 311
102104 108733 354
254747 256412 363
86168 89746 333
231942 239819 381
198713 199522 329
47167 54835 340
50911 58682 340
45731 55569 340
67602 69166 312
54664 63038 335
162956 163300 246
248726 256968 363
85283 87838 333
245778 250780 350
84349 92464 333
20164 23617 282
238571 244601 368
234492 237925 350
15765 18841 279
70699 80454 351
123142 123618 331
260607 264281 407
101733 109944 354
218723 225030 368
213819 215567 373
250991 257152 363
196827 203848 342
49901 54191 340
94119 97638 328
132012 140005 344
48786 52959 340
102779 105511 341
164945 174213 352
87809 97621 333
17275 24750 282
133045 141980 344
14232 23926 282
52326 61228 340
175704 184530 365
23159 27193 308
20150 22744 269
242011 244679 337
249581 256884 363
236945 238840 350
63304 65906 330
260025 262483 332
258991 263030 345
137305 140637 344
175788 177143 334
80358 82363 320
121480 126896 336
71337 80822 351
82768 89021 333
251679 261047 363
132570 138870 344
123708 129363 331
24702 31004 308
107554 112416 323
133345 141330 344
93695 98123 328
189169 192167 360
46597 50312 314
192238 200666 360
85665 92363 333
146873 149769 326
36803 44472 306
117284 119631 336
141922 148048 375
231805 233698 368
196382 196414 192
144152 152105 370
254951 262039 345
161522 168236 352
180993 185206 334
182717 187776 347
229373 231012 443
104123 112355 354
33617 35065 311
197729 202835 342
140101 149249 375
23163 26364 282
88667 97685 333
22901 26873 308
78357 78857 338
99903 109598 354
94794 95205 328
70541 79465 351
150767 152671 308
187964 190117 360
2644 9334 262
82162 83273 320
218282 223552 355
245844 245880 257
220503 222858 355
109038 110254 310
1744 7592 262
13221 17894 279
10505 13174 268
58858 61572 335
28686 35900 324
101457 107864 354
140674 140733 158
211083 215263 373
141919 149241 375
98914 99699 328
245442 248988 350
114438 123132 349
105219 109162 354
191336 199575 360
17424 20352 279
162039 162545 321
170431 170656 290
109580 119574 349
211384 211560 267
7656 10072 260
65056 66527 268
101408 109128 354
18969 25828 282
235028 241225 368
187251 191837 360
43309 47855 314
252875 254457 332
109986 119638 349
255886 256913 332
159529 164057 370
77408 81107 338
30336 33068 285
234686 234899 337
166634 169804 334
46211 54351 340
161854 162337 321
21260 24726 282
54855 58700 322
51466 54274 340
201119 205626 355
99538 102915 341
147123 149001 326
140033 145031 375
186220 189409 347
34144 39918 324
144943 151277 370
143032 145783 326
97250 106999 354
53052 53901 322
37358 43415 306
176031 177241 334
210533 215485 373
200331 207779 373
237521 242523 368
30983 36175 324
228371 236021 443
158782 166401 370
220792 223376 355
108316 115726 349
170447 171794 334
228475 238317 443
254014 263023 363
228526 237978 443
224938 233199 443
90861 95243 333
118700 124343 336
199365 206576 355
202041 208662 373
70333 76078 325
127206 132121 344
91772 91961 209
231839 234049 368
206784 215229 373
25081 28211 308
73213 80133 351
195418 197162 360
248776 257287 363
148908 154616 370
14265 20129 279
234595 239211 350
111856 116496 349
109876 112066 323
158241 165448 370
186631 193141 360
227192 230332 355
67748 74341 325
145128 151822 370
45231 52721 340
227932 234233 443
142725 146423 326
3698 5147 238
78546 84882 338
1144 7340 262
205490 206117 329
77015 85732 351
120537 129195 336
6949 12452 268
237950 239510 350
18044 24056 282
131621 133635 331
214133 216332 324
39913 48747 314
236815 236929 213
186886 187270 223
155458 158754 383
241605 247594 350
143468 149345 357
149488 150546 370
23320 26745 308
160023 166860 370
8632 11913 268
27063 35267 311
248831 257879 363
180772 184971 334
165308 165847 321
249969 250534 332
249620 257145 363
214415 222399 386
112884 114959 305
164751 165159 308
206626 211782 373
165356 171824 352
202221 203648 342
232564 242023 381
145535 151099 370
63733 67080 299
148860 153356 370
169749 173731 347
93666 101335 341
140280 148884 375
138628 139376 300
114127 121426 349
155844 157116 383
88253 90518 315
205557 211914 373
12783 17853 279
135074 144145 375
237990 243240 368
230839 236256 381
38549 40251 306
76711 80421 351
6255 12434 268
193079 196033 360
98976 107078 354
2239 6934 262
21432 26615 282
105218 113798 354
4830 4899 179
201959 202430 298
5503 15055 276
83944 85304 320
33267 34312 311
196427 205292 342
32026 39307 324
217526 221235 355
17210 25178 282
172859 179596 347
257665 259642 301
199470 206483 355
128397 135063 344
71611 74748 294
80434 90290 333
23245 30282 308
175749 183671 365
178348 183311 365
108433 115473 323
199540 204340 342
219167 222273 355
150815 151547 264
36802 41103 306
59626 61701 335
138291 146503 375
77477 80246 338
74137 78993 351
228310 234930 443
216513 220707 355
90220 96296 333
214607 218786 386
120068 126747 336
76526 83499 351
47321 49600 314
36421 40739 306
64517 66615 268
118541 125639 336
244638 245154 275
59386 65714 335
209357 209377 174
12463 20219 279
69346 76780 325
39494 44769 306
26992 31126 272
73290 79807 351
28669 38541 324
230678 240354 381
153966 159468 383
185010 189557 347
230021 230684 443
186006 193571 360
214876 220222 386
247727 252376 350
197748 206514 355
239492 244298 368
242648 244518 337
169652 173932 347
76413 81587 351
85364 91428 333
203012 212038 373
220617 222841 355
184410 194039 360
118274 120076 318
234214 235468 381
15377 24642 282
429 8348 262
234486 241870 368
243788 251634 350
150533 156013 352
2897 8611 262
62210 63961 330
117693 126894 336
33253 42847 324
178866 180806 365
35367 38108 324
15130 19721 279
89271 95487 333
182994 192563 360
13629 15685 271
248687 255759 363
95013 104107 341
230391 231246 443
202279 206888 373
25282 32849 308
129284 137302 344
218550 221630 355
11581 15151 276
161213 169718 352
6061 11775 268
163453 164979 334
197669 205432 355
35271 41395 324
115980 119022 336
232343 237046 381
111186 114055 323
158617 167740 370
205860 208979 373
11411 18908 279
76755 78139 351
236664 237185 319
64874 69572 312
135390 140913 344
5026 9966 262
121290 125427 336
112395 113221 305
52517 57978 340
201183 209316 373
72717 77991 351
43910 47540 314
184630 193607 360
261803 269907 407
99153 100320 341
207967 208749 311
89371 91026 315
147259 153692 370
228619 230187 306
256963 265446 407
26445 32197 308
136326 143799 375
10933 15010 276
170336 172240 334
34497 37738 324
151240 158715 383
164396 171960 352
150131 154975 352
88104 92061 333
167986 175331 347
93167 93691 284
35679 42173 306
136389 143035 375
246432 247141 332
132929 133340 331
204731 212742 373
241096 250063 350
44967 53723 340
65490 65625 268
53337 58623 322
62536 69586 330
207203 215447 373
137584 137802 207
51672 55532 340
244983 247373 332
150802 152807 308
71324 73361 294
258547 259993 345
107277 115055 323
48434 58037 340
221942 229641 368
137437 140845 344
69935 75737 325
190781 193195 347
135564 141093 344
235414 237432 337
186551 193364 360
162890 169139 352
13522 19578 279
25536 33096 308
172077 176096 347
72368 76432 325
100677 101445 297
188971 196415 360
49463 49833 296
186017 191809 360
228428 232145 443
210157 213949 373
243714 247783 350
171646 179807 347
120768 121027 243
53091 54324 322
63247 66393 330
107167 113976 323
168400 172344 334
73131 79835 351
46899 53537 340
59590 66313 335
214272 223256 386
93388 102044 341
223823 224094 262
10853 17333 276
78572 82221 338
226328 236188 443
97661 100493 341
177277 177297 334
18603 23156 274
1462 4330 238
184207 189294 347
158620 164578 370
241334 241732 244
168796 178494 347
115107 124890 349
173667 180813 365
214805 218099 386
68827 76005 325
22174 22425 269
104449 112003 354
38548 45183 314
160889 165211 339
204464 206252 355
92496 101407 341
44248 52547 340
42774 49519 314
202588 210397 373
56774 65544 335
171002 172719 334
207868 212168 355
191814 193057 347
91202 100526 341
124304 131553 344
58817 66919 335
239711 242576 368
247226 251331 350
231900 241324 381
152326 157646 383
221994 231116 443
135144 135402 313
76637 85351 351
232554 236067 381
117169 119579 336
198860 202647 342
252756 259860 363
49994 58326 340
1832 11365 268
64760 73996 325
39083 45946 314
10472 17460 276
24700 34048 308
32767 38348 324
141526 151047 375
168677 171365 334
167772 171960 334
105476 114246 354
219596 225897 368
261491 263621 407
103072 103990 248
100650 109841 354
80648 84652 320
13968 23042 279
29698 37582 324
208619 211643 355
202306 204308 342
85433 86261 302
214646 215752 280
221463 230641 443
41150 47516 314
195406 197381 360
169675 170840 290
191189 200998 360
114626 120358 349
201749 207927 373
126601 130809 344
49239 56617 340
190900 196496 360
27588 35689 324
141937 143052 375
27237 31818 285
193155 200645 360
46963 50486 314
230871 231746 350
239687 241615 368
134280 135200 344
218801 222949 355
211689 219042 386
168939 174842 347
76241 78489 351
19726 22166 274
148800 148954 295
147949 148969 326
132174 141149 344
36012 41596 306
149601 152552 370
94068 96332 328
175920 177846 334
226271 231661 443
147314 152155 370
154526 160921 383
114621 122195 349
61263 61813 286
259031 263531 407
128339 129055 331
76604 81491 351
13828 23384 279
217031 222710 355
40818 47962 314
75172 77573 351
99031 106480 354
140081 142974 375
43242 45389 314
71987 80191 351
198505 202478 342
211185 212393 311
238753 240263 350
202071 209334 373
127831 127892 225
5932 14446 276
9943 11158 268
142092 148730 375
45797 46943 283
185549 189600 347
184042 187366 347
163448 170819 352
223351 231509 443
214029 223571 386
95242 103031 341
11821 16015 276
243175 243967 337
122492 130975 344
24526 25062 264
257658 258373 288
261378 261592 301
146383 150462 370
83983 85669 320
32949 41502 324
123312 126347 331
216398 223874 355
217076 222485 355
66140 72329 325
159087 160551 370
182735 186607 334
41899 45378 314
23790 31158 308
155418 165239 383
242715 251993 350
208702 216651 386
70158 77465 351
239676 241603 368
217114 223059 355
242873 244977 337
191296 194095 347
206418 209872 373
149252 149807 326
1109 6231 262
77491 86274 338
233419 242248 381
152382 154574 352
192638 196065 360
36105 41740 306
60312 62075 335
3714 10024 262
254907 262519 363
214807 219035 386
28270 29626 272
31811 37668 324
157697 158720 321
113043 120699 349
106514 111797 323
1179 7225 262
215545 223205 386
5676 9021 262
76754 76943 232
199997 207850 373
72088 77186 351
93163 102732 341
252780 257535 363
139271 142197 344
170751 176600 347
215839 224097 386
261713 261745 164
208022 211392 355
208614 217738 386
259239 263829 407
59074 64664 335
160609 161775 290
76946 78763 351
199297 201741 342
62200 68600 330
160950 169277 352
111109 114895 323
4546 5610 236
88848 88976 240
85145 92405 333
235753 235954 231
196477 206012 355
24346 26685 308
130446 134440 331
201278 207914 373
23801 29672 308
125817 131389 344
10684 18865 279
88552 96452 333
94322 96422 328
84987 92261 333
22898 31401 308
247243 248271 350
35698 44356 306
171263 177525 347
71402 74888 325
159684 160178 308
118052 121101 336
148092 156723 383
154847 155495 308
113897 122228 349
85434 85632 227
100916 107177 354
180336 184333 365
43956 52016 314
78078 79245 338
5643 14872 276
62897 71997 330
128422 130364 344
64690 72456 325
219440 225821 368
182415 183434 334
141829 148807 375
38868 44928 306
24680 28496 308
115004 118585 349
110221 119802 349
116149 124904 336
34414 35629 311
138464 141172 344
46856 48410 314
207314 208277 311
55376 61626 335
43242 50635 314
106664 107189 323
221342 224090 355
244026 246790 332
180942 181076 272
179938 184126 365
151490 153194 308
151383 160639 383
81053 83910 320
204789 206558 355
210600 211631 355
231545 234966 381
55430 64043 335
41319 41638 226
68758 77220 351
8670 14661 276
18352 23113 274
219934 227302 368
179296 189071 365
119164 126793 336
63385 65964 330
55762 58219 322
241578 244104 337
219226 221498 355
206607 213509 373
257692 263744 407
138932 142311 344
241984 246361 337
243352 250504 350
194965 202885 360
117857 119123 336
161968 169790 352
56826 63605 335
113759 123648 349
59432 67459 335
72074 81243 351
7740 9780 260
75550 76791 307
72839 78882 351
47663 56669 340
194504 194763 267
172367 175949 347
8161 9044 247
3512 5494 238
173368 182377 365
39336 39337 125
139969 140134 344
165291 174298 352
58920 64638 335
170774 176978 347
249832 258951 363
241171 241874 275
108542 118245 349
244747 253177 350
87210 91724 333
198684 203727 342
73478 82324 351
90864 95628 333
261116 264053 407
71009 75125 325
30710 40063 324
201423 206349 355
49507 57800 340
105330 114497 354
121478 123364 336
226780 230889 443
256810 263906 407
104594 109463 354
260385 266198 407
22446 31343 308
117464 124551 336
105022 110123 354
67895 70461 312
10438 18804 279
28119 37434 324
239210 239364 244
191795 194747 347
229508 234047 443
20917 22634 269
87586 89195 333
86656 88438 333
251563 252525 319
258030 261266 345
184531 186561 329
181212 186695 334
79579 85308 320
165965 167185 352
227475 228683 355
118344 125391 336
38585 40578 306
57219 61980 335
205293 206676 355
194142 197721 360
228174 233484 443
245353 254037 350
95312 100565 341
105839 111182 354
151189 156886 383
178746 187144 365
95854 99834 328
18411 19769 274
134346 143502 375
97892 104783 341
156094 165162 383
75449 78091 351
100557 103562 310
210332 216245 373
119539 121007 318
216364 225730 386
95248 96390 297
139186 145589 375
7296 15813 276
13149 22111 279
84609 91286 333
232063 236708 381
27565 35159 311
93755 100474 341
172709 173995 347
261591 267761 407
145741 145994 264
261340 265460 407
207565 210133 342
27862 28212 259
89716 95595 333
150530 154049 308
181656 185774 334
113382 119502 349
10456 14828 276
85295 94848 333
56282 61428 335
13386 17797 279
43547 46453 314
245760 247954 350
36645 37737 306
20772 28022 308
57959 67840 335
166542 173849 347
229497 233606 443
68341 77530 351
176487 183860 365
242035 248100 350
246446 251781 350
22809 23288 238
219804 229775 368
89824 93285 333
163320 170255 352
97791 102001 341
210352 215706 373
160980 161365 246
64471 71944 325
167241 167737 290
201720 209783 373
125812 131967 344
3901 9362 262
226144 231008 443
150883 155288 352
14245 21276 279
37165 42983 306
129945 135746 344
145160 145407 264
8768 16026 276
60837 64324 335
253205 262933 363
187968 188545 316
256044 257684 345
71650 72104 250
112728 120836 349
232783 239076 381
180302 187343 365
170551 176510 347
154928 158573 383
88194 93732 333
194477 197287 360
206229 207120 373
120184 123681 336
19905 20482 243
135583 136608 313
235514 244090 368
89790 99048 333
16543 23763 282
151635 161542 383
244833 246924 332
99422 101965 341
240760 249390 350
190012 192855 347
161882 162427 321
208459 209765 311
251972 255489 363
113292 117083 349
203071 208502 373
23159 25057 282
100287 104682 310
41577 44354 288
23244 23274 176
234996 239824 350
215058 220696 386
127982 129258 331
126707 129457 331
151076 153542 308
244985 247444 350
254491 256813 363
161743 169892 352
132657 138096 344
79455 79904 307
85485 94263 333
217282 226504 368
243360 244305 337
5244 11549 268
129083 138376 344
154160 156270 383
68276 78213 351
226424 235281 443
42679 44509 270
161520 169256 352
196311 202003 342
10557 16514 276
26942 36493 324
127321 131667 344
61728 70205 330
143405 150329 370
227160 236892 443
255858 260142 345
153971 160086 383
231170 231922 324
27447 30723 272
122847 128729 331
230262 237225 443
29840 36970 324
178115 187165 365
204553 213994 373
73579 74992 325
38797 44257 306
125268 127477 331
260122 268780 407
110752 118058 349
72066 72711 263
239928 244360 368
22002 26070 282
64740 66611 268
152666 161326 383
114216 118251 349
187913 188978 316
100496 106129 341
93133 99277 328
146970 156384 383
128750 130880 344
250654 257990 363
58927 63423 335
71524 71626 250
38631 41566 306
198289 199730 329
258046 258845 301
176480 177695 334
45686 48460 314
8933 14972 276
71265 72203 325
211722 214051 373
205484 212910 373
214788 221340 386
66543 68245 312
72017 81173 351
58020 61166 335
100698 104826 310
174306 183048 365
173853 181003 365
92355 100345 341
61492 69455 330
23928 24745 264
106162 112522 354
217049 225665 368
5823 9905 262
238244 247071 368
23205 31116 308
5477 12554 268
218059 224234 355
75464 82245 351
5171 10488 262
88460 92989 333
250432 254355 332
15948 15975 191
213560 221213 386
9995 12363 268
196561 206072 355
250881 252027 319
103539 113020 354
155675 160298 383
231958 237628 381
64765 71091 312
51217 53624 340
231014 231762 350
142264 143504 375
